<<<<<<< Updated upstream
c:\users\fishman_1\documents\github\v2_kabel_gournal\x64\debug\vc143.pdb
c:\users\fishman_1\documents\github\v2_kabel_gournal\x64\debug\vc143.idb
c:\users\fishman_1\documents\github\v2_kabel_gournal\x64\debug\v2_kabel_gournal.obj
c:\users\fishman_1\documents\github\v2_kabel_gournal\x64\debug\v2_kabel_gournal.exe
c:\users\fishman_1\documents\github\v2_kabel_gournal\x64\debug\v2_kabel_gournal.ilk
c:\users\fishman_1\documents\github\v2_kabel_gournal\x64\debug\v2_kabel_gournal.pdb
c:\users\fishman_1\documents\github\v2_kabel_gournal\x64\debug\v2_kabel_gournal.tlog\cl.command.1.tlog
c:\users\fishman_1\documents\github\v2_kabel_gournal\x64\debug\v2_kabel_gournal.tlog\cl.read.1.tlog
c:\users\fishman_1\documents\github\v2_kabel_gournal\x64\debug\v2_kabel_gournal.tlog\cl.write.1.tlog
c:\users\fishman_1\documents\github\v2_kabel_gournal\x64\debug\v2_kabel_gournal.tlog\link.command.1.tlog
c:\users\fishman_1\documents\github\v2_kabel_gournal\x64\debug\v2_kabel_gournal.tlog\link.read.1.tlog
c:\users\fishman_1\documents\github\v2_kabel_gournal\x64\debug\v2_kabel_gournal.tlog\link.write.1.tlog
=======
c:\users\fishman.db.corp\documents\github\v2_kabel_gournal\x64\debug\vc143.pdb
c:\users\fishman.db.corp\documents\github\v2_kabel_gournal\x64\debug\vc143.idb
c:\users\fishman.db.corp\documents\github\v2_kabel_gournal\x64\debug\v2_kabel_gournal.obj
c:\users\fishman.db.corp\documents\github\v2_kabel_gournal\x64\debug\v2_kabel_gournal.ilk
c:\users\fishman.db.corp\documents\github\v2_kabel_gournal\x64\debug\v2_kabel_gournal.exe
c:\users\fishman.db.corp\documents\github\v2_kabel_gournal\x64\debug\v2_kabel_gournal.pdb
c:\users\fishman.db.corp\documents\github\v2_kabel_gournal\x64\debug\v2_kabel_gournal.tlog\cl.command.1.tlog
c:\users\fishman.db.corp\documents\github\v2_kabel_gournal\x64\debug\v2_kabel_gournal.tlog\cl.read.1.tlog
c:\users\fishman.db.corp\documents\github\v2_kabel_gournal\x64\debug\v2_kabel_gournal.tlog\cl.write.1.tlog
c:\users\fishman.db.corp\documents\github\v2_kabel_gournal\x64\debug\v2_kabel_gournal.tlog\link.command.1.tlog
c:\users\fishman.db.corp\documents\github\v2_kabel_gournal\x64\debug\v2_kabel_gournal.tlog\link.read.1.tlog
c:\users\fishman.db.corp\documents\github\v2_kabel_gournal\x64\debug\v2_kabel_gournal.tlog\link.write.1.tlog
>>>>>>> Stashed changes
